<?xml version="1.0" encoding="utf-8"?><testsuites name="pytest tests"><testsuite name="pytest" errors="0" failures="1" skipped="0" tests="18" time="4.634" timestamp="2026-03-02T06:22:33.133932+00:00" hostname="agent-env-d76824f7-680b-4999-a6b8-2a1d65b8eec7"><testcase classname="backend.tests.test_newmeclass_flow.TestAuthFlow" name="test_01_user_registration" time="0.486" /><testcase classname="backend.tests.test_newmeclass_flow.TestAuthFlow" name="test_02_user_login" time="0.336" /><testcase classname="backend.tests.test_newmeclass_flow.TestAuthFlow" name="test_03_get_user_profile" time="0.110"><failure message="AssertionError: Get profile failed: {&quot;detail&quot;:&quot;Method Not Allowed&quot;}&#10;assert 405 == 200&#10; +  where 405 = &lt;Response [405]&gt;.status_code">backend/tests/test_newmeclass_flow.py:80: in test_03_get_user_profile
    assert response.status_code == 200, f"Get profile failed: {response.text}"
E   AssertionError: Get profile failed: {"detail":"Method Not Allowed"}
E   assert 405 == 200
E    +  where 405 = &lt;Response [405]&gt;.status_code</failure></testcase><testcase classname="backend.tests.test_newmeclass_flow.TestQuestionsAPI" name="test_04_get_all_questions" time="0.112" /><testcase classname="backend.tests.test_newmeclass_flow.TestQuestionsAPI" name="test_05_get_free_questions" time="0.105" /><testcase classname="backend.tests.test_newmeclass_flow.TestQuestionsAPI" name="test_06_get_paid_questions" time="0.123" /><testcase classname="backend.tests.test_newmeclass_flow.TestFreeTestFlow" name="test_07_check_free_test_available" time="0.102" /><testcase classname="backend.tests.test_newmeclass_flow.TestFreeTestFlow" name="test_08_submit_free_test_with_real_answers" time="0.115" /><testcase classname="backend.tests.test_newmeclass_flow.TestFreeTestFlow" name="test_09_verify_free_test_used" time="0.110" /><testcase classname="backend.tests.test_newmeclass_flow.TestFreeTestFlow" name="test_10_get_free_test_result" time="0.105" /><testcase classname="backend.tests.test_newmeclass_flow.TestWalletTopUp" name="test_11_get_wallet_balance" time="0.123" /><testcase classname="backend.tests.test_newmeclass_flow.TestWalletTopUp" name="test_12_get_test_price" time="0.105" /><testcase classname="backend.tests.test_newmeclass_flow.TestPremiumTestFlow" name="test_13_submit_premium_test_with_real_answers" time="0.264" /><testcase classname="backend.tests.test_newmeclass_flow.TestPremiumTestFlow" name="test_14_verify_premium_analysis_complete" time="0.103" /><testcase classname="backend.tests.test_newmeclass_flow.TestUserResults" name="test_15_get_user_test_results" time="0.101" /><testcase classname="backend.tests.test_newmeclass_flow.TestUserResults" name="test_16_get_latest_result" time="0.105" /><testcase classname="backend.tests.test_newmeclass_flow.TestAdminLogin" name="test_17_admin_login" time="0.363" /><testcase classname="backend.tests.test_newmeclass_flow.TestAnalysisAccuracy" name="test_18_verify_different_answers_different_results" time="1.655" /></testsuite></testsuites>