<?xml version="1.0" encoding="utf-8"?><testsuites name="pytest tests"><testsuite name="pytest" errors="0" failures="1" skipped="0" tests="13" time="3.210" timestamp="2026-03-01T04:51:42.126067+00:00" hostname="agent-env-dd99d027-ce7c-40fe-b3b1-6776d5b19e9a"><testcase classname="backend.tests.test_newme.TestHealth" name="test_root" time="0.139" /><testcase classname="backend.tests.test_newme.TestAuth" name="test_register" time="0.373" /><testcase classname="backend.tests.test_newme.TestAuth" name="test_login" time="0.401" /><testcase classname="backend.tests.test_newme.TestAuth" name="test_get_profile" time="0.109" /><testcase classname="backend.tests.test_newme.TestAdminAuth" name="test_admin_login" time="0.356" /><testcase classname="backend.tests.test_newme.TestAdminAuth" name="test_admin_dashboard_stats" time="0.106"><failure message="assert 404 == 200&#10; +  where 404 = &lt;Response [404]&gt;.status_code">backend/tests/test_newme.py:86: in test_admin_dashboard_stats
    assert r.status_code == 200
E   assert 404 == 200
E    +  where 404 = &lt;Response [404]&gt;.status_code</failure></testcase><testcase classname="backend.tests.test_newme.TestAnalytics" name="test_analytics_stats" time="0.110" /><testcase classname="backend.tests.test_newme.TestAnalytics" name="test_analytics_with_admin_token" time="0.442" /><testcase classname="backend.tests.test_newme.TestPayments" name="test_test_price" time="0.106" /><testcase classname="backend.tests.test_newme.TestPayments" name="test_admin_payments_list" time="0.442" /><testcase classname="backend.tests.test_newme.TestQuestions" name="test_get_free_questions" time="0.107" /><testcase classname="backend.tests.test_newme.TestYayasan" name="test_check_referral_nonexistent" time="0.101" /><testcase classname="backend.tests.test_newme.TestYayasan" name="test_yayasan_register" time="0.340" /></testsuite></testsuites>