<?xml version="1.0" encoding="utf-8"?><testsuites name="pytest tests"><testsuite name="pytest" errors="0" failures="4" skipped="3" tests="13" time="2.824" timestamp="2026-03-01T04:51:15.895864+00:00" hostname="agent-env-dd99d027-ce7c-40fe-b3b1-6776d5b19e9a"><testcase classname="backend.tests.test_newme.TestHealth" name="test_root" time="0.286" /><testcase classname="backend.tests.test_newme.TestAuth" name="test_register" time="0.163"><failure message="assert 422 == 200&#10; +  where 422 = &lt;Response [422]&gt;.status_code">backend/tests/test_newme.py:39: in test_register
    assert r.status_code == 200
E   assert 422 == 200
E    +  where 422 = &lt;Response [422]&gt;.status_code</failure></testcase><testcase classname="backend.tests.test_newme.TestAuth" name="test_login" time="0.122"><failure message="assert 401 == 200&#10; +  where 401 = &lt;Response [401]&gt;.status_code">backend/tests/test_newme.py:49: in test_login
    assert r.status_code == 200
E   assert 401 == 200
E    +  where 401 = &lt;Response [401]&gt;.status_code</failure></testcase><testcase classname="backend.tests.test_newme.TestAuth" name="test_get_profile" time="0.000"><skipped type="pytest.skip" message="No token">/app/backend/tests/test_newme.py:57: No token</skipped></testcase><testcase classname="backend.tests.test_newme.TestAdminAuth" name="test_admin_login" time="0.343"><failure message="AssertionError: assert ('token' in {'access_token': 'eyJhbGciOiJIUzI1NiIsInR5cCI6IkpXVCJ9.eyJzdWIiOiJhZG1pbkBuZXdtZS5jb20iLCJyb2xlIjoic3VwZXJhZG1pbiIsImV4cCI6MTc3MjQyNzA3Nn0.Q9LKmDQlACwVBmUNpuudDD0ptfBN9hdahT0roYIyL0o', 'token_type': 'bearer', 'user': {'email': 'admin@newme.com', 'id': '69a3c46bc84ebc62829e39a6', 'role': 'superadmin', 'username': 'admin'}} or None == True)&#10; +  where None = &lt;built-in method get of dict object at 0xf9afa8170dc0&gt;('success')&#10; +    where &lt;built-in method get of dict object at 0xf9afa8170dc0&gt; = {'access_token': 'eyJhbGciOiJIUzI1NiIsInR5cCI6IkpXVCJ9.eyJzdWIiOiJhZG1pbkBuZXdtZS5jb20iLCJyb2xlIjoic3VwZXJhZG1pbiIsImV4cCI6MTc3MjQyNzA3Nn0.Q9LKmDQlACwVBmUNpuudDD0ptfBN9hdahT0roYIyL0o', 'token_type': 'bearer', 'user': {'email': 'admin@newme.com', 'id': '69a3c46bc84ebc62829e39a6', 'role': 'superadmin', 'username': 'admin'}}.get">backend/tests/test_newme.py:74: in test_admin_login
    assert "token" in data or data.get("success") == True
E   AssertionError: assert ('token' in {'access_token': 'eyJhbGciOiJIUzI1NiIsInR5cCI6IkpXVCJ9.eyJzdWIiOiJhZG1pbkBuZXdtZS5jb20iLCJyb2xlIjoic3VwZXJhZG1pbiIsImV4cCI6MTc3MjQyNzA3Nn0.Q9LKmDQlACwVBmUNpuudDD0ptfBN9hdahT0roYIyL0o', 'token_type': 'bearer', 'user': {'email': 'admin@newme.com', 'id': '69a3c46bc84ebc62829e39a6', 'role': 'superadmin', 'username': 'admin'}} or None == True)
E    +  where None = &lt;built-in method get of dict object at 0xf9afa8170dc0&gt;('success')
E    +    where &lt;built-in method get of dict object at 0xf9afa8170dc0&gt; = {'access_token': 'eyJhbGciOiJIUzI1NiIsInR5cCI6IkpXVCJ9.eyJzdWIiOiJhZG1pbkBuZXdtZS5jb20iLCJyb2xlIjoic3VwZXJhZG1pbiIsImV4cCI6MTc3MjQyNzA3Nn0.Q9LKmDQlACwVBmUNpuudDD0ptfBN9hdahT0roYIyL0o', 'token_type': 'bearer', 'user': {'email': 'admin@newme.com', 'id': '69a3c46bc84ebc62829e39a6', 'role': 'superadmin', 'username': 'admin'}}.get</failure></testcase><testcase classname="backend.tests.test_newme.TestAdminAuth" name="test_admin_dashboard_stats" time="0.000"><skipped type="pytest.skip" message="No admin token">/app/backend/tests/test_newme.py:80: No admin token</skipped></testcase><testcase classname="backend.tests.test_newme.TestAnalytics" name="test_analytics_stats" time="0.175" /><testcase classname="backend.tests.test_newme.TestAnalytics" name="test_analytics_with_admin_token" time="0.425"><failure message="assert 500 == 200&#10; +  where 500 = &lt;Response [500]&gt;.status_code">backend/tests/test_newme.py:107: in test_analytics_with_admin_token
    assert r2.status_code == 200
E   assert 500 == 200
E    +  where 500 = &lt;Response [500]&gt;.status_code</failure></testcase><testcase classname="backend.tests.test_newme.TestPayments" name="test_test_price" time="0.107" /><testcase classname="backend.tests.test_newme.TestPayments" name="test_admin_payments_list" time="0.513" /><testcase classname="backend.tests.test_newme.TestQuestions" name="test_get_free_questions" time="0.103"><skipped type="pytest.skip" message="No user token">/app/backend/tests/test_newme.py:142: No user token</skipped></testcase><testcase classname="backend.tests.test_newme.TestYayasan" name="test_check_referral_nonexistent" time="0.136" /><testcase classname="backend.tests.test_newme.TestYayasan" name="test_yayasan_register" time="0.362" /></testsuite></testsuites>