<?xml version="1.0" encoding="utf-8"?><testsuites name="pytest tests"><testsuite name="pytest" errors="0" failures="0" skipped="0" tests="20" time="7.993" timestamp="2026-03-02T06:04:22.603182+00:00" hostname="agent-env-d76824f7-680b-4999-a6b8-2a1d65b8eec7"><testcase classname="backend.tests.test_yayasan_api.TestYayasanRegistration" name="test_register_yayasan_success" time="0.457" /><testcase classname="backend.tests.test_yayasan_api.TestYayasanRegistration" name="test_register_duplicate_email" time="0.452" /><testcase classname="backend.tests.test_yayasan_api.TestYayasanLogin" name="test_login_success" time="0.722" /><testcase classname="backend.tests.test_yayasan_api.TestYayasanLogin" name="test_login_wrong_password" time="0.655" /><testcase classname="backend.tests.test_yayasan_api.TestYayasanLogin" name="test_login_nonexistent_email" time="0.108" /><testcase classname="backend.tests.test_yayasan_api.TestYayasanProfile" name="test_get_profile_success" time="0.470" /><testcase classname="backend.tests.test_yayasan_api.TestYayasanProfile" name="test_get_profile_without_token" time="0.099" /><testcase classname="backend.tests.test_yayasan_api.TestYayasanProfile" name="test_get_profile_invalid_token" time="0.098" /><testcase classname="backend.tests.test_yayasan_api.TestYayasanDashboard" name="test_get_dashboard_stats" time="0.451" /><testcase classname="backend.tests.test_yayasan_api.TestYayasanDashboard" name="test_get_yayasan_users" time="0.442" /><testcase classname="backend.tests.test_yayasan_api.TestYayasanDashboard" name="test_get_yayasan_test_results" time="0.437" /><testcase classname="backend.tests.test_yayasan_api.TestYayasanReferralPrice" name="test_update_referral_price_success" time="0.427" /><testcase classname="backend.tests.test_yayasan_api.TestYayasanReferralPrice" name="test_update_referral_price_too_low" time="0.451" /><testcase classname="backend.tests.test_yayasan_api.TestYayasanWallet" name="test_get_wallet_balance" time="0.441" /><testcase classname="backend.tests.test_yayasan_api.TestYayasanWallet" name="test_request_withdrawal_insufficient_balance" time="0.431" /><testcase classname="backend.tests.test_yayasan_api.TestYayasanWallet" name="test_request_withdrawal_below_minimum" time="0.433" /><testcase classname="backend.tests.test_yayasan_api.TestAdminYayasan" name="test_admin_list_yayasan" time="0.458" /><testcase classname="backend.tests.test_yayasan_api.TestAdminYayasan" name="test_admin_get_withdrawals" time="0.437" /><testcase classname="backend.tests.test_yayasan_api.TestDemoYayasanLogin" name="test_demo_yayasan_login" time="0.323" /><testcase classname="backend.tests.test_yayasan_api.TestPaymentApprovalCommission" name="test_payment_approval_endpoint" time="0.117" /></testsuite></testsuites>